  gameplay.cpp
c:\users\administrador\desktop\repositorio asteroids\asteroids\src\screen\gameplay\gameplay.cpp(194): warning C4244: '=': conversión de 'double' a 'float'; posible pérdida de datos
c:\users\administrador\desktop\repositorio asteroids\asteroids\src\screen\gameplay\gameplay.cpp(195): warning C4244: '=': conversión de 'double' a 'float'; posible pérdida de datos
c:\users\administrador\desktop\repositorio asteroids\asteroids\src\screen\gameplay\gameplay.cpp(270): warning C4244: '=': conversión de 'int' a 'float'; posible pérdida de datos
c:\users\administrador\desktop\repositorio asteroids\asteroids\src\screen\gameplay\gameplay.cpp(271): warning C4244: '=': conversión de 'int' a 'float'; posible pérdida de datos
c:\users\administrador\desktop\repositorio asteroids\asteroids\src\screen\gameplay\gameplay.cpp(283): warning C4244: 'argumento': conversión de 'int' a 'float'; posible pérdida de datos
c:\users\administrador\desktop\repositorio asteroids\asteroids\src\screen\gameplay\gameplay.cpp(295): warning C4244: 'argumento': conversión de 'int' a 'float'; posible pérdida de datos
c:\users\administrador\desktop\repositorio asteroids\asteroids\src\screen\gameplay\gameplay.cpp(326): warning C4244: 'argumento': conversión de 'int' a 'float'; posible pérdida de datos
c:\users\administrador\desktop\repositorio asteroids\asteroids\src\screen\gameplay\gameplay.cpp(392): warning C4244: '=': conversión de 'int' a 'float'; posible pérdida de datos
c:\users\administrador\desktop\repositorio asteroids\asteroids\src\screen\gameplay\gameplay.cpp(393): warning C4244: '=': conversión de 'int' a 'float'; posible pérdida de datos
c:\users\administrador\desktop\repositorio asteroids\asteroids\src\screen\gameplay\gameplay.cpp(396): warning C4244: '=': conversión de 'int' a 'float'; posible pérdida de datos
c:\users\administrador\desktop\repositorio asteroids\asteroids\src\screen\gameplay\gameplay.cpp(397): warning C4244: '=': conversión de 'int' a 'float'; posible pérdida de datos
c:\users\administrador\desktop\repositorio asteroids\asteroids\src\screen\gameplay\gameplay.cpp(400): warning C4244: '=': conversión de 'int' a 'float'; posible pérdida de datos
c:\users\administrador\desktop\repositorio asteroids\asteroids\src\screen\gameplay\gameplay.cpp(401): warning C4244: '=': conversión de 'int' a 'float'; posible pérdida de datos
c:\users\administrador\desktop\repositorio asteroids\asteroids\src\screen\gameplay\gameplay.cpp(404): warning C4244: '=': conversión de 'int' a 'float'; posible pérdida de datos
c:\users\administrador\desktop\repositorio asteroids\asteroids\src\screen\gameplay\gameplay.cpp(405): warning C4244: '=': conversión de 'int' a 'float'; posible pérdida de datos
  Pong_Project.vcxproj -> C:\Users\Administrador\Desktop\Repositorio Asteroids\Asteroids\bin\Debug\Asteroid_Project.exe
  Ya existe el subdirectorio o el archivo C:\Users\Administrador\Desktop\Repositorio Asteroids\Asteroids\bin\Debug\res.
  C:\Users\Administrador\Desktop\Repositorio Asteroids\Asteroids\res\2.wav
  C:\Users\Administrador\Desktop\Repositorio Asteroids\Asteroids\res\Blip_Select.wav
  C:\Users\Administrador\Desktop\Repositorio Asteroids\Asteroids\res\Blip_Select2.wav
  C:\Users\Administrador\Desktop\Repositorio Asteroids\Asteroids\res\Blip_Select3.wav
  C:\Users\Administrador\Desktop\Repositorio Asteroids\Asteroids\res\Blip_Select4.wav
  C:\Users\Administrador\Desktop\Repositorio Asteroids\Asteroids\res\menusong.ogg
  C:\Users\Administrador\Desktop\Repositorio Asteroids\Asteroids\res\music.ogg
  7 archivo(s) copiado(s)
